<?xml version="1.0" encoding="UTF-8"?>
<!-- Generated by org.testng.reporters.JUnitReportReporter -->
<testsuite skipped="0" hostname="Biswajits-MacBook-Pro.local" name="testvagrant.demo.MockAPITest" tests="2" failures="0" timestamp="2023-02-08T11:34:04 IST" time="1.195" errors="0">
  <testcase name="maxForegienPlayerValidations" time="1.025" classname="testvagrant.demo.MockAPITest"/>
  <system-out/>
  <testcase name="wickerKeperValidations" time="0.170" classname="testvagrant.demo.MockAPITest"/>
  <system-out/>
</testsuite> <!-- testvagrant.demo.MockAPITest -->
