<?xml version="1.0" encoding="UTF-8"?>
<!-- Generated by org.testng.reporters.JUnitReportReporter -->
<testsuite hostname="DESKTOP-09P7QC6" failures="0" tests="2" name="com.biswajit.testvagrant.MockAPITest" time="2.127" errors="0" timestamp="2023-02-08T23:56:46 IST" skipped="0">
  <testcase classname="com.biswajit.testvagrant.MockAPITest" name="wickerKeperValidations" time="0.290"/>
  <system-out/>
  <testcase classname="com.biswajit.testvagrant.MockAPITest" name="maxForegienPlayerValidations" time="1.837"/>
  <system-out/>
</testsuite> <!-- com.biswajit.testvagrant.MockAPITest -->
